#
# There is insufficient memory for the Java Runtime Environment to continue.
# Native memory allocation (mmap) failed to map 73400320 bytes for committing reserved memory.
# Possible reasons:
#   The system is out of physical RAM or swap space
#   In 32 bit mode, the process size limit was hit
# Possible solutions:
#   Reduce memory load on the system
#   Increase physical memory or swap space
#   Check if swap backing store is full
#   Use 64 bit Java on a 64 bit OS
#   Decrease Java heap size (-Xmx/-Xms)
#   Decrease number of Java threads
#   Decrease Java thread stack sizes (-Xss)
#   Set larger code cache with -XX:ReservedCodeCacheSize=
# This output file may be truncated or incomplete.
#
#  Out of Memory Error (os_linux.cpp:2643), pid=11030, tid=0x00007fdbdd8be700
#
# JRE version: OpenJDK Runtime Environment (8.0_151-b12) (build 1.8.0_151-8u151-b12-0ubuntu0.16.04.2-b12)
# Java VM: OpenJDK 64-Bit Server VM (25.151-b12 mixed mode linux-amd64 compressed oops)
# Failed to write core dump. Core dumps have been disabled. To enable core dumping, try "ulimit -c unlimited" before starting Java again
#

---------------  T H R E A D  ---------------

Current thread (0x00007fdbf0073800):  VMThread [stack: 0x00007fdbdd7be000,0x00007fdbdd8bf000] [id=11052]

Stack: [0x00007fdbdd7be000,0x00007fdbdd8bf000],  sp=0x00007fdbdd8bd4c0,  free space=1021k
Native frames: (J=compiled Java code, j=interpreted, Vv=VM code, C=native code)
V  [libjvm.so+0xa684eb]
V  [libjvm.so+0x4c579c]
V  [libjvm.so+0x8b6b50]
V  [libjvm.so+0x8b0fce]
V  [libjvm.so+0x92b806]
V  [libjvm.so+0x92cb33]
V  [libjvm.so+0x9291fb]
V  [libjvm.so+0x9294ac]
V  [libjvm.so+0x8db3c3]
V  [libjvm.so+0xa6a192]
V  [libjvm.so+0xa6f277]
V  [libjvm.so+0xa6ca47]
V  [libjvm.so+0xa6decf]
V  [libjvm.so+0xa6e3c1]
V  [libjvm.so+0x8b4032]

VM_Operation (0x00007fdbf7af3000): ParallelGCFailedAllocation, mode: safepoint, requested by thread 0x00007fdbf000a000


---------------  P R O C E S S  ---------------

Java Threads: ( => current thread )
  0x00007fdbf00b0000 JavaThread "Service Thread" daemon [_thread_blocked, id=11058, stack(0x00007fdbdcd61000,0x00007fdbdce62000)]
  0x00007fdbf00ad000 JavaThread "C1 CompilerThread1" daemon [_thread_blocked, id=11057, stack(0x00007fdbdce62000,0x00007fdbdcf63000)]
  0x00007fdbf00aa000 JavaThread "C2 CompilerThread0" daemon [_thread_blocked, id=11056, stack(0x00007fdbdcf63000,0x00007fdbdd064000)]
  0x00007fdbf00a8000 JavaThread "Signal Dispatcher" daemon [_thread_blocked, id=11055, stack(0x00007fdbdd064000,0x00007fdbdd165000)]
  0x00007fdbf007f800 JavaThread "Finalizer" daemon [_thread_blocked, id=11054, stack(0x00007fdbdd5bc000,0x00007fdbdd6bd000)]
  0x00007fdbf007b000 JavaThread "Reference Handler" daemon [_thread_blocked, id=11053, stack(0x00007fdbdd6bd000,0x00007fdbdd7be000)]
  0x00007fdbf000a000 JavaThread "main" [_thread_blocked, id=11049, stack(0x00007fdbf79f6000,0x00007fdbf7af7000)]

Other Threads:
=>0x00007fdbf0073800 VMThread [stack: 0x00007fdbdd7be000,0x00007fdbdd8bf000] [id=11052]
  0x00007fdbf00b7000 WatcherThread [stack: 0x00007fdbdcc60000,0x00007fdbdcd61000] [id=11059]

VM state:at safepoint (normal execution)

VM Mutex/Monitor currently owned by a thread:  ([mutex/lock_event])
[0x00007fdbf0006430] Threads_lock - owner thread: 0x00007fdbf0073800
[0x00007fdbf0006930] Heap_lock - owner thread: 0x00007fdbf000a000

Heap:
 PSYoungGen      total 135680K, used 9205K [0x00000000eb700000, 0x00000000f4500000, 0x0000000100000000)
  eden space 126464K, 0% used [0x00000000eb700000,0x00000000eb700000,0x00000000f3280000)
  from space 9216K, 99% used [0x00000000f3280000,0x00000000f3b7d578,0x00000000f3b80000)
  to   space 8704K, 0% used [0x00000000f3b80000,0x00000000f3b80000,0x00000000f4400000)
 ParOldGen       total 45568K, used 21838K [0x00000000c2400000, 0x00000000c5080000, 0x00000000eb700000)
  object space 45568K, 47% used [0x00000000c2400000,0x00000000c3953998,0x00000000c5080000)
 Metaspace       used 24591K, capacity 25216K, committed 25520K, reserved 1071104K
  class space    used 2775K, capacity 2895K, committed 2992K, reserved 1048576K

Card table byte_map: [0x00007fdbe0e11000,0x00007fdbe1000000] byte_map_base: 0x00007fdbe07ff000

Marking Bits: (ParMarkBitMap*) 0x00007fdbf6cbf2c0
 Begin Bits: [0x00007fdbdebe5000, 0x00007fdbdfb55000)
 End Bits:   [0x00007fdbdfb55000, 0x00007fdbe0ac5000)

Polling page: 0x00007fdbf7b13000

CodeCache: size=245760Kb used=15795Kb max_used=15795Kb free=229964Kb
 bounds [0x00007fdbe1000000, 0x00007fdbe1f80000, 0x00007fdbf0000000]
 total_blobs=5113 nmethods=4737 adapters=289
 compilation: enabled

Compilation events (10 events):
Event: 7,465 Thread 0x00007fdbf00ad000 4774   !   3       org.eclipse.aether.internal.impl.DefaultDependencyCollector::resolveCachedArtifactDescriptor (84 bytes)
Event: 7,466 Thread 0x00007fdbf00ad000 nmethod 4774 0x00007fdbe1f6b250 code [0x00007fdbe1f6b480, 0x00007fdbe1f6c208]
Event: 7,485 Thread 0x00007fdbf00ad000 4776   !   3       org.eclipse.aether.internal.impl.DefaultArtifactResolver::resolveArtifacts (129 bytes)
Event: 7,486 Thread 0x00007fdbf00ad000 nmethod 4776 0x00007fdbe1f6c9d0 code [0x00007fdbe1f6cca0, 0x00007fdbe1f6e168]
Event: 7,492 Thread 0x00007fdbf00ad000 4777       3       org.apache.maven.model.merge.ModelMerger::mergePlugin (64 bytes)
Event: 7,492 Thread 0x00007fdbf00ad000 nmethod 4777 0x00007fdbe1f6eed0 code [0x00007fdbe1f6f0a0, 0x00007fdbe1f6f938]
Event: 7,493 Thread 0x00007fdbf00ad000 4778       3       org.eclipse.aether.graph.Dependency::equals (96 bytes)
Event: 7,494 Thread 0x00007fdbf00ad000 nmethod 4778 0x00007fdbe1f6fb90 code [0x00007fdbe1f6fd80, 0x00007fdbe1f709b8]
Event: 7,501 Thread 0x00007fdbf00ad000 4779       3       org.apache.maven.model.io.xpp3.MavenXpp3Reader::parseProfile (722 bytes)
Event: 7,504 Thread 0x00007fdbf00ad000 nmethod 4779 0x00007fdbe1f70c90 code [0x00007fdbe1f71500, 0x00007fdbe1f75ec8]

GC Heap History (10 events):
Event: 1,535 GC heap after
Heap after GC invocations=3 (full 0):
 PSYoungGen      total 34304K, used 2544K [0x00000000eb700000, 0x00000000efa00000, 0x0000000100000000)
  eden space 31744K, 0% used [0x00000000eb700000,0x00000000eb700000,0x00000000ed600000)
  from space 2560K, 99% used [0x00000000ed600000,0x00000000ed87c010,0x00000000ed880000)
  to   space 2560K, 0% used [0x00000000ef780000,0x00000000ef780000,0x00000000efa00000)
 ParOldGen       total 42496K, used 4183K [0x00000000c2400000, 0x00000000c4d80000, 0x00000000eb700000)
  object space 42496K, 9% used [0x00000000c2400000,0x00000000c2815e10,0x00000000c4d80000)
 Metaspace       used 10951K, capacity 11094K, committed 11264K, reserved 1058816K
  class space    used 1341K, capacity 1443K, committed 1536K, reserved 1048576K
}
Event: 2,059 GC heap before
{Heap before GC invocations=4 (full 0):
 PSYoungGen      total 34304K, used 34288K [0x00000000eb700000, 0x00000000efa00000, 0x0000000100000000)
  eden space 31744K, 100% used [0x00000000eb700000,0x00000000ed600000,0x00000000ed600000)
  from space 2560K, 99% used [0x00000000ed600000,0x00000000ed87c010,0x00000000ed880000)
  to   space 2560K, 0% used [0x00000000ef780000,0x00000000ef780000,0x00000000efa00000)
 ParOldGen       total 42496K, used 4183K [0x00000000c2400000, 0x00000000c4d80000, 0x00000000eb700000)
  object space 42496K, 9% used [0x00000000c2400000,0x00000000c2815e10,0x00000000c4d80000)
 Metaspace       used 13548K, capacity 13710K, committed 13824K, reserved 1060864K
  class space    used 1661K, capacity 1735K, committed 1792K, reserved 1048576K
Event: 2,069 GC heap after
Heap after GC invocations=4 (full 0):
 PSYoungGen      total 66048K, used 2560K [0x00000000eb700000, 0x00000000efa00000, 0x0000000100000000)
  eden space 63488K, 0% used [0x00000000eb700000,0x00000000eb700000,0x00000000ef500000)
  from space 2560K, 100% used [0x00000000ef780000,0x00000000efa00000,0x00000000efa00000)
  to   space 2560K, 0% used [0x00000000ef500000,0x00000000ef500000,0x00000000ef780000)
 ParOldGen       total 42496K, used 6810K [0x00000000c2400000, 0x00000000c4d80000, 0x00000000eb700000)
  object space 42496K, 16% used [0x00000000c2400000,0x00000000c2aa6b10,0x00000000c4d80000)
 Metaspace       used 13548K, capacity 13710K, committed 13824K, reserved 1060864K
  class space    used 1661K, capacity 1735K, committed 1792K, reserved 1048576K
}
Event: 3,803 GC heap before
{Heap before GC invocations=5 (full 0):
 PSYoungGen      total 66048K, used 66048K [0x00000000eb700000, 0x00000000efa00000, 0x0000000100000000)
  eden space 63488K, 100% used [0x00000000eb700000,0x00000000ef500000,0x00000000ef500000)
  from space 2560K, 100% used [0x00000000ef780000,0x00000000efa00000,0x00000000efa00000)
  to   space 2560K, 0% used [0x00000000ef500000,0x00000000ef500000,0x00000000ef780000)
 ParOldGen       total 42496K, used 6810K [0x00000000c2400000, 0x00000000c4d80000, 0x00000000eb700000)
  object space 42496K, 16% used [0x00000000c2400000,0x00000000c2aa6b10,0x00000000c4d80000)
 Metaspace       used 16884K, capacity 17190K, committed 17536K, reserved 1064960K
  class space    used 1982K, capacity 2087K, committed 2176K, reserved 1048576K
Event: 3,816 GC heap after
Heap after GC invocations=5 (full 0):
 PSYoungGen      total 66048K, used 2544K [0x00000000eb700000, 0x00000000f4400000, 0x0000000100000000)
  eden space 63488K, 0% used [0x00000000eb700000,0x00000000eb700000,0x00000000ef500000)
  from space 2560K, 99% used [0x00000000ef500000,0x00000000ef77c010,0x00000000ef780000)
  to   space 8704K, 0% used [0x00000000f3b80000,0x00000000f3b80000,0x00000000f4400000)
 ParOldGen       total 42496K, used 11902K [0x00000000c2400000, 0x00000000c4d80000, 0x00000000eb700000)
  object space 42496K, 28% used [0x00000000c2400000,0x00000000c2f9fa60,0x00000000c4d80000)
 Metaspace       used 16884K, capacity 17190K, committed 17536K, reserved 1064960K
  class space    used 1982K, capacity 2087K, committed 2176K, reserved 1048576K
}
Event: 5,233 GC heap before
{Heap before GC invocations=6 (full 0):
 PSYoungGen      total 66048K, used 62891K [0x00000000eb700000, 0x00000000f4400000, 0x0000000100000000)
  eden space 63488K, 95% used [0x00000000eb700000,0x00000000ef1eeda0,0x00000000ef500000)
  from space 2560K, 99% used [0x00000000ef500000,0x00000000ef77c010,0x00000000ef780000)
  to   space 8704K, 0% used [0x00000000f3b80000,0x00000000f3b80000,0x00000000f4400000)
 ParOldGen       total 42496K, used 11902K [0x00000000c2400000, 0x00000000c4d80000, 0x00000000eb700000)
  object space 42496K, 28% used [0x00000000c2400000,0x00000000c2f9fa60,0x00000000c4d80000)
 Metaspace       used 20727K, capacity 21198K, committed 21296K, reserved 1069056K
  class space    used 2452K, capacity 2566K, committed 2608K, reserved 1048576K
Event: 5,253 GC heap after
Heap after GC invocations=6 (full 0):
 PSYoungGen      total 135168K, used 6311K [0x00000000eb700000, 0x00000000f4500000, 0x0000000100000000)
  eden space 126464K, 0% used [0x00000000eb700000,0x00000000eb700000,0x00000000f3280000)
  from space 8704K, 72% used [0x00000000f3b80000,0x00000000f41a9e50,0x00000000f4400000)
  to   space 9216K, 0% used [0x00000000f3280000,0x00000000f3280000,0x00000000f3b80000)
 ParOldGen       total 42496K, used 11902K [0x00000000c2400000, 0x00000000c4d80000, 0x00000000eb700000)
  object space 42496K, 28% used [0x00000000c2400000,0x00000000c2f9fa60,0x00000000c4d80000)
 Metaspace       used 20727K, capacity 21198K, committed 21296K, reserved 1069056K
  class space    used 2452K, capacity 2566K, committed 2608K, reserved 1048576K
}
Event: 5,253 GC heap before
{Heap before GC invocations=7 (full 1):
 PSYoungGen      total 135168K, used 6311K [0x00000000eb700000, 0x00000000f4500000, 0x0000000100000000)
  eden space 126464K, 0% used [0x00000000eb700000,0x00000000eb700000,0x00000000f3280000)
  from space 8704K, 72% used [0x00000000f3b80000,0x00000000f41a9e50,0x00000000f4400000)
  to   space 9216K, 0% used [0x00000000f3280000,0x00000000f3280000,0x00000000f3b80000)
 ParOldGen       total 42496K, used 11902K [0x00000000c2400000, 0x00000000c4d80000, 0x00000000eb700000)
  object space 42496K, 28% used [0x00000000c2400000,0x00000000c2f9fa60,0x00000000c4d80000)
 Metaspace       used 20727K, capacity 21198K, committed 21296K, reserved 1069056K
  class space    used 2452K, capacity 2566K, committed 2608K, reserved 1048576K
Event: 5,361 GC heap after
Heap after GC invocations=7 (full 1):
 PSYoungGen      total 135168K, used 0K [0x00000000eb700000, 0x00000000f4500000, 0x0000000100000000)
  eden space 126464K, 0% used [0x00000000eb700000,0x00000000eb700000,0x00000000f3280000)
  from space 8704K, 0% used [0x00000000f3b80000,0x00000000f3b80000,0x00000000f4400000)
  to   space 9216K, 0% used [0x00000000f3280000,0x00000000f3280000,0x00000000f3b80000)
 ParOldGen       total 45568K, used 14492K [0x00000000c2400000, 0x00000000c5080000, 0x00000000eb700000)
  object space 45568K, 31% used [0x00000000c2400000,0x00000000c3227210,0x00000000c5080000)
 Metaspace       used 20727K, capacity 21198K, committed 21296K, reserved 1069056K
  class space    used 2452K, capacity 2566K, committed 2608K, reserved 1048576K
}
Event: 7,506 GC heap before
{Heap before GC invocations=8 (full 1):
 PSYoungGen      total 135168K, used 126464K [0x00000000eb700000, 0x00000000f4500000, 0x0000000100000000)
  eden space 126464K, 100% used [0x00000000eb700000,0x00000000f3280000,0x00000000f3280000)
  from space 8704K, 0% used [0x00000000f3b80000,0x00000000f3b80000,0x00000000f4400000)
  to   space 9216K, 0% used [0x00000000f3280000,0x00000000f3280000,0x00000000f3b80000)
 ParOldGen       total 45568K, used 14492K [0x00000000c2400000, 0x00000000c5080000, 0x00000000eb700000)
  object space 45568K, 31% used [0x00000000c2400000,0x00000000c3227210,0x00000000c5080000)
 Metaspace       used 24591K, capacity 25216K, committed 25520K, reserved 1071104K
  class space    used 2775K, capacity 2895K, committed 2992K, reserved 1048576K

Deoptimization events (10 events):
Event: 6,652 Thread 0x00007fdbf000a000 Uncommon trap: reason=class_check action=maybe_recompile pc=0x00007fdbe1d5f530 method=com.sun.tools.javac.code.Type$ClassType.allparams()Lcom/sun/tools/javac/util/List; @ 16
Event: 6,652 Thread 0x00007fdbf000a000 Uncommon trap: reason=class_check action=maybe_recompile pc=0x00007fdbe1d5f530 method=com.sun.tools.javac.code.Type$ClassType.allparams()Lcom/sun/tools/javac/util/List; @ 16
Event: 6,861 Thread 0x00007fdbf000a000 Uncommon trap: reason=unstable_if action=reinterpret pc=0x00007fdbe1a6d0dc method=com.sun.tools.javac.util.IntHashTable.lookup(Ljava/lang/Object;I)I @ 67
Event: 7,163 Thread 0x00007fdbf000a000 Uncommon trap: reason=speculate_class_check action=maybe_recompile pc=0x00007fdbe197d15c method=java.nio.charset.CharsetDecoder.decode(Ljava/nio/ByteBuffer;Ljava/nio/CharBuffer;Z)Ljava/nio/charset/CoderResult; @ 57
Event: 7,163 Thread 0x00007fdbf000a000 Uncommon trap: reason=speculate_class_check action=maybe_recompile pc=0x00007fdbe197d15c method=java.nio.charset.CharsetDecoder.decode(Ljava/nio/ByteBuffer;Ljava/nio/CharBuffer;Z)Ljava/nio/charset/CoderResult; @ 57
Event: 7,164 Thread 0x00007fdbf000a000 Uncommon trap: reason=speculate_class_check action=maybe_recompile pc=0x00007fdbe197d15c method=java.nio.charset.CharsetDecoder.decode(Ljava/nio/ByteBuffer;Ljava/nio/CharBuffer;Z)Ljava/nio/charset/CoderResult; @ 57
Event: 7,164 Thread 0x00007fdbf000a000 Uncommon trap: reason=speculate_class_check action=maybe_recompile pc=0x00007fdbe197d15c method=java.nio.charset.CharsetDecoder.decode(Ljava/nio/ByteBuffer;Ljava/nio/CharBuffer;Z)Ljava/nio/charset/CoderResult; @ 57
Event: 7,288 Thread 0x00007fdbf000a000 Uncommon trap: reason=unstable_if action=reinterpret pc=0x00007fdbe1488a10 method=com.google.inject.internal.asm.$Type.a(Ljava/lang/StringBuffer;Ljava/lang/Class;)V @ 91
Event: 7,299 Thread 0x00007fdbf000a000 Uncommon trap: reason=unstable_if action=reinterpret pc=0x00007fdbe154a0d8 method=com.google.inject.internal.asm.$Type.getArgumentsAndReturnSizes(Ljava/lang/String;)I @ 41
Event: 7,299 Thread 0x00007fdbf000a000 Uncommon trap: reason=unstable_if action=reinterpret pc=0x00007fdbe14acf38 method=com.google.inject.internal.asm.$Type.getArgumentsAndReturnSizes(Ljava/lang/String;)I @ 130

Internal exceptions (10 events):
Event: 2,384 Thread 0x00007fdbf000a000 Exception <a 'java/lang/NullPointerException'> (0x00000000ec299120) thrown at [/build/openjdk-8-W2Qe27/openjdk-8-8u151-b12/src/hotspot/src/share/vm/interpreter/linkResolver.cpp, line 1183]
Event: 2,384 Thread 0x00007fdbf000a000 Exception <a 'java/lang/NullPointerException'> (0x00000000ec299338) thrown at [/build/openjdk-8-W2Qe27/openjdk-8-8u151-b12/src/hotspot/src/share/vm/interpreter/linkResolver.cpp, line 1183]
Event: 2,635 Thread 0x00007fdbf000a000 Implicit null exception at 0x00007fdbe134d735 to 0x00007fdbe134d93d
Event: 2,635 Thread 0x00007fdbf000a000 Implicit null exception at 0x00007fdbe12c142f to 0x00007fdbe12c1499
Event: 2,964 Thread 0x00007fdbf000a000 Implicit null exception at 0x00007fdbe16b2081 to 0x00007fdbe16b2b85
Event: 4,431 Thread 0x00007fdbf000a000 Implicit null exception at 0x00007fdbe1920716 to 0x00007fdbe1921559
Event: 4,810 Thread 0x00007fdbf000a000 Exception <a 'java/lang/ClassNotFoundException': com/sun/tools/javac/api/JavacTool> (0x00000000ee73c188) thrown at [/build/openjdk-8-W2Qe27/openjdk-8-8u151-b12/src/hotspot/src/share/vm/classfile/systemDictionary.cpp, line 210]
Event: 5,750 Thread 0x00007fdbf000a000 Exception <a 'java/io/FileNotFoundException'> (0x00000000edede318) thrown at [/build/openjdk-8-W2Qe27/openjdk-8-8u151-b12/src/hotspot/src/share/vm/prims/jni.cpp, line 709]
Event: 5,756 Thread 0x00007fdbf000a000 Exception <a 'java/io/FileNotFoundException'> (0x00000000edf045c0) thrown at [/build/openjdk-8-W2Qe27/openjdk-8-8u151-b12/src/hotspot/src/share/vm/prims/jni.cpp, line 709]
Event: 5,756 Thread 0x00007fdbf000a000 Exception <a 'java/io/FileNotFoundException'> (0x00000000edf051b0) thrown at [/build/openjdk-8-W2Qe27/openjdk-8-8u151-b12/src/hotspot/src/share/vm/prims/jni.cpp, line 709]

Events (10 events):
Event: 7,352 loading class org/apache/maven/surefire/shade/org/apache/maven/shared/utils/xml/XMLWriter done
Event: 7,352 loading class org/apache/maven/plugin/surefire/SurefireHelper
Event: 7,352 loading class org/apache/maven/plugin/surefire/SurefireHelper done
Event: 7,352 loading class org/apache/maven/plugin/surefire/SurefireHelper
Event: 7,352 loading class org/apache/maven/plugin/surefire/SurefireHelper done
Event: 7,352 loading class org/apache/maven/plugin/surefire/SurefireHelper
Event: 7,352 loading class org/apache/maven/plugin/surefire/SurefireHelper done
Event: 7,353 loading class java/lang/IllegalAccessError
Event: 7,353 loading class java/lang/IllegalAccessError done
Event: 7,506 Executing VM operation: ParallelGCFailedAllocation


Dynamic libraries:
00400000-00401000 r-xp 00000000 08:01 14934                              /usr/lib/jvm/java-8-openjdk-amd64/jre/bin/java
00600000-00601000 r--p 00000000 08:01 14934                              /usr/lib/jvm/java-8-openjdk-amd64/jre/bin/java
00601000-00602000 rw-p 00001000 08:01 14934                              /usr/lib/jvm/java-8-openjdk-amd64/jre/bin/java
01371000-01392000 rw-p 00000000 00:00 0                                  [heap]
c2400000-c5080000 rw-p 00000000 00:00 0 
c5080000-eb700000 ---p 00000000 00:00 0 
eb700000-f4500000 rw-p 00000000 00:00 0 
f8b00000-100000000 ---p 00000000 00:00 0 
100000000-1002ec000 rw-p 00000000 00:00 0 
1002ec000-140000000 ---p 00000000 00:00 0 
7fdbb0000000-7fdbb0021000 rw-p 00000000 00:00 0 
7fdbb0021000-7fdbb4000000 ---p 00000000 00:00 0 
7fdbb4000000-7fdbb4021000 rw-p 00000000 00:00 0 
7fdbb4021000-7fdbb8000000 ---p 00000000 00:00 0 
7fdbb8000000-7fdbb9b2f000 rw-p 00000000 00:00 0 
7fdbb9b2f000-7fdbbc000000 ---p 00000000 00:00 0 
7fdbbc000000-7fdbbc678000 rw-p 00000000 00:00 0 
7fdbbc678000-7fdbc0000000 ---p 00000000 00:00 0 
7fdbc0000000-7fdbc0021000 rw-p 00000000 00:00 0 
7fdbc0021000-7fdbc4000000 ---p 00000000 00:00 0 
7fdbc4000000-7fdbc4021000 rw-p 00000000 00:00 0 
7fdbc4021000-7fdbc8000000 ---p 00000000 00:00 0 
7fdbc8000000-7fdbc8071000 rw-p 00000000 00:00 0 
7fdbc8071000-7fdbcc000000 ---p 00000000 00:00 0 
7fdbcc000000-7fdbcc021000 rw-p 00000000 00:00 0 
7fdbcc021000-7fdbd0000000 ---p 00000000 00:00 0 
7fdbd0000000-7fdbd0023000 rw-p 00000000 00:00 0 
7fdbd0023000-7fdbd4000000 ---p 00000000 00:00 0 
7fdbd4611000-7fdbd4811000 rw-p 00000000 00:00 0 
7fdbd4811000-7fdbd4a11000 rw-p 00000000 00:00 0 
7fdbd4a11000-7fdbd4c11000 rw-p 00000000 00:00 0 
7fdbd4c11000-7fdbd4e11000 rw-p 00000000 00:00 0 
7fdbd4e11000-7fdbd8000000 rw-p 00000000 00:00 0 
7fdbd8000000-7fdbd8021000 rw-p 00000000 00:00 0 
7fdbd8021000-7fdbdc000000 ---p 00000000 00:00 0 
7fdbdc037000-7fdbdc038000 r--s 00003000 08:01 530960                     /home/johnkasper/.m2/repository/org/apache/maven/plugin-tools/maven-plugin-annotations/3.2/maven-plugin-annotations-3.2.jar
7fdbdc038000-7fdbdc03c000 r--s 00020000 08:01 530958                     /home/johnkasper/.m2/repository/org/apache/maven/surefire/surefire-api/2.17/surefire-api-2.17.jar
7fdbdc03c000-7fdbdc042000 r--s 00048000 08:01 470413                     /home/johnkasper/.m2/repository/org/apache/commons/commons-lang3/3.1/commons-lang3-3.1.jar
7fdbdc042000-7fdbdc043000 r--s 00002000 08:01 471631                     /home/johnkasper/.m2/repository/org/apache/maven/reporting/maven-reporting-api/2.0.9/maven-reporting-api-2.0.9.jar
7fdbdc043000-7fdbdc047000 r--s 00030000 08:01 394455                     /home/johnkasper/.m2/repository/org/codehaus/plexus/plexus-utils/1.5.1/plexus-utils-1.5.1.jar
7fdbdc047000-7fdbdc049000 r--s 00008000 08:01 530956                     /home/johnkasper/.m2/repository/org/apache/maven/surefire/surefire-booter/2.17/surefire-booter-2.17.jar
7fdbdc049000-7fdbdc04e000 r--s 0003c000 08:01 530954                     /home/johnkasper/.m2/repository/org/apache/maven/surefire/maven-surefire-common/2.17/maven-surefire-common-2.17.jar
7fdbdc04e000-7fdbdc050000 r--s 00007000 08:01 525323                     /home/johnkasper/.m2/repository/org/apache/maven/plugins/maven-surefire-plugin/2.17/maven-surefire-plugin-2.17.jar
7fdbdc050000-7fdbdc0c9000 r--s 010fe000 08:01 15386                      /usr/lib/jvm/java-8-openjdk-amd64/lib/tools.jar
7fdbdc0c9000-7fdbdc0ca000 r--s 00004000 08:01 538569                     /home/johnkasper/.m2/repository/org/codehaus/plexus/plexus-compiler-javac/2.8.1/plexus-compiler-javac-2.8.1.jar
7fdbdc0ca000-7fdbdc0cc000 r--s 00000000 08:01 538567                     /home/johnkasper/.m2/repository/org/codehaus/plexus/plexus-compiler-manager/2.8.1/plexus-compiler-manager-2.8.1.jar
7fdbdc0cc000-7fdbdc0ce000 r--s 00005000 08:01 538565                     /home/johnkasper/.m2/repository/org/codehaus/plexus/plexus-compiler-api/2.8.1/plexus-compiler-api-2.8.1.jar
7fdbdc0ce000-7fdbdc0d5000 r--s 00046000 08:01 538563                     /home/johnkasper/.m2/repository/com/thoughtworks/qdox/qdox/2.0-M5/qdox-2.0-M5.jar
7fdbdc0d5000-7fdbdc0d7000 r--s 0000c000 08:01 538561                     /home/johnkasper/.m2/repository/org/ow2/asm/asm/6.0_ALPHA/asm-6.0_ALPHA.jar
7fdbdc0d7000-7fdbdc0d9000 r--s 00002000 08:01 524904                     /home/johnkasper/.m2/repository/org/apache/maven/shared/maven-shared-incremental/1.1/maven-shared-incremental-1.1.jar
7fdbdc0d9000-7fdbdc0dd000 r--s 0002f000 08:01 537521                     /home/johnkasper/.m2/repository/commons-io/commons-io/2.5/commons-io-2.5.jar
7fdbdc0dd000-7fdbdc0e0000 r--s 00025000 08:01 537519                     /home/johnkasper/.m2/repository/org/apache/maven/shared/maven-shared-utils/3.1.0/maven-shared-utils-3.1.0.jar
7fdbdc0e0000-7fdbdc0e2000 r--s 00002000 08:01 473008                     /home/johnkasper/.m2/repository/org/sonatype/plexus/plexus-cipher/1.4/plexus-cipher-1.4.jar
7fdbdc0e2000-7fdbdc0e3000 r--s 00006000 08:01 473007                     /home/johnkasper/.m2/repository/org/sonatype/plexus/plexus-sec-dispatcher/1.3/plexus-sec-dispatcher-1.3.jar
7fdbdc0e3000-7fdbdc0e5000 r--s 00000000 08:01 524767                     /home/johnkasper/.m2/repository/org/codehaus/plexus/plexus-component-annotations/1.6/plexus-component-annotations-1.6.jar
7fdbdc0e5000-7fdbdc0e7000 r--s 0000d000 08:01 473885                     /home/johnkasper/.m2/repository/org/codehaus/plexus/plexus-interpolation/1.14/plexus-interpolation-1.14.jar
7fdbdc0e7000-7fdbdc0eb000 r--s 00017000 08:01 394644                     /home/johnkasper/.m2/repository/org/sonatype/aether/aether-util/1.7/aether-util-1.7.jar
7fdbdc0eb000-7fdbdc0ef000 r--s 00033000 08:01 405789                     /home/johnkasper/.m2/repository/org/codehaus/plexus/plexus-utils/2.0.4/plexus-utils-2.0.4.jar
7fdbdc0ef000-7fdbdc0fa000 r--s 00069000 08:01 394626                     /home/johnkasper/.m2/repository/org/sonatype/sisu/sisu-guice/2.1.7/sisu-guice-2.1.7-noaop.jar
7fdbdc0fa000-7fdbdc0ff000 r--s 00021000 08:01 394624                     /home/johnkasper/.m2/repository/org/sonatype/sisu/sisu-inject-bean/1.4.2/sisu-inject-bean-1.4.2.jar
7fdbdc0ff000-7fdbdc101000 r--s 0000d000 08:01 538338                     /home/johnkasper/.m2/repository/org/apache/maven/plugins/maven-compiler-plugin/3.6.1/maven-compiler-plugin-3.6.1.jar
7fdbdc101000-7fdbdc103000 r--s 0000d000 08:01 471396                     /home/johnkasper/.m2/repository/org/codehaus/plexus/plexus-interpolation/1.13/plexus-interpolation-1.13.jar
7fdbdc103000-7fdbdc104000 r--s 00001000 08:01 471395                     /home/johnkasper/.m2/repository/org/sonatype/plexus/plexus-build-api/0.0.4/plexus-build-api-0.0.4.jar
7fdbdc104000-7fdbdc106000 r--s 00009000 08:01 471393                     /home/johnkasper/.m2/repository/org/apache/maven/shared/maven-filtering/1.1/maven-filtering-1.1.jar
7fdbdc106000-7fdbdc10a000 r--s 00033000 08:01 471094                     /home/johnkasper/.m2/repository/org/codehaus/plexus/plexus-utils/2.0.5/plexus-utils-2.0.5.jar
7fdbdc10a000-7fdbdc10d000 r--s 0001b000 08:01 471388                     /home/johnkasper/.m2/repository/junit/junit/3.8.1/junit-3.8.1.jar
7fdbdc10d000-7fdbdc10f000 r--s 00002000 08:01 471377                     /home/johnkasper/.m2/repository/org/codehaus/plexus/plexus-interactivity-api/1.0-alpha-4/plexus-interactivity-api-1.0-alpha-4.jar
7fdbdc10f000-7fdbdc111000 r--s 00006000 08:01 471373                     /home/johnkasper/.m2/repository/commons-cli/commons-cli/1.0/commons-cli-1.0.jar
7fdbdc111000-7fdbdc112000 r--s 00001000 08:01 471357                     /home/johnkasper/.m2/repository/org/apache/maven/doxia/doxia-sink-api/1.0-alpha-7/doxia-sink-api-1.0-alpha-7.jar
7fdbdc112000-7fdbdc113000 r--s 00002000 08:01 471367                     /home/johnkasper/.m2/repository/org/apache/maven/reporting/maven-reporting-api/2.0.6/maven-reporting-api-2.0.6.jar
7fdbdc113000-7fdbdc115000 r--s 00006000 08:01 469672                     /home/johnkasper/.m2/repository/org/apache/maven/plugins/maven-resources-plugin/2.6/maven-resources-plugin-2.6.jar
7fdbdc115000-7fdbdc119000 r--s 00034000 08:01 471570                     /home/johnkasper/.m2/repository/org/codehaus/plexus/plexus-utils/3.0/plexus-utils-3.0.jar
7fdbdc119000-7fdbdc11b000 r--s 00005000 08:01 472302                     /home/johnkasper/.m2/repository/org/apache/maven/plugins/maven-clean-plugin/2.5/maven-clean-plugin-2.5.jar
7fdbdc11b000-7fdbdc12c000 r-xp 00000000 08:01 14908                      /usr/lib/jvm/java-8-openjdk-amd64/jre/lib/amd64/libnio.so
7fdbdc12c000-7fdbdc32c000 ---p 00011000 08:01 14908                      /usr/lib/jvm/java-8-openjdk-amd64/jre/lib/amd64/libnio.so
7fdbdc32c000-7fdbdc32d000 r--p 00011000 08:01 14908                      /usr/lib/jvm/java-8-openjdk-amd64/jre/lib/amd64/libnio.so
7fdbdc32d000-7fdbdc32e000 rw-p 00012000 08:01 14908                      /usr/lib/jvm/java-8-openjdk-amd64/jre/lib/amd64/libnio.so
7fdbdc32e000-7fdbdc345000 r-xp 00000000 08:01 14895                      /usr/lib/jvm/java-8-openjdk-amd64/jre/lib/amd64/libnet.so
7fdbdc345000-7fdbdc544000 ---p 00017000 08:01 14895                      /usr/lib/jvm/java-8-openjdk-amd64/jre/lib/amd64/libnet.so
7fdbdc544000-7fdbdc545000 r--p 00016000 08:01 14895                      /usr/lib/jvm/java-8-openjdk-amd64/jre/lib/amd64/libnet.so
7fdbdc545000-7fdbdc546000 rw-p 00017000 08:01 14895                      /usr/lib/jvm/java-8-openjdk-amd64/jre/lib/amd64/libnet.so
7fdbdc546000-7fdbdc54b000 r--s 0009a000 08:01 14916                      /usr/lib/jvm/java-8-openjdk-amd64/jre/lib/jsse.jar
7fdbdc54b000-7fdbdc74b000 rw-p 00000000 00:00 0 
7fdbdc74b000-7fdbdc94b000 rw-p 00000000 00:00 0 
7fdbdc94b000-7fdbdcb4b000 rw-p 00000000 00:00 0 
7fdbdcb4b000-7fdbdcb4d000 r--s 0000a000 08:01 325755                     /usr/share/java/wagon-provider-api-2.x.jar
7fdbdcb4d000-7fdbdcb51000 r--s 00038000 08:01 325642                     /usr/share/java/plexus-utils2.jar
7fdbdcb51000-7fdbdcb52000 r--s 00006000 08:01 325822                     /usr/share/java/maven3-repository-metadata-3.3.9.jar
7fdbdcb52000-7fdbdcb5f000 r--s 0008d000 08:01 325821                     /usr/share/java/maven3-core-3.3.9.jar
7fdbdcb5f000-7fdbdcb64000 r--s 00040000 08:01 324340                     /usr/share/java/commons-lang-2.6.jar
7fdbdcb64000-7fdbdcb90000 r--s 00208000 08:01 324929                     /usr/share/java/guava.jar
7fdbdcb90000-7fdbdcb96000 r--s 00048000 08:01 324897                     /usr/share/java/jsoup.jar
7fdbdcb96000-7fdbdcb98000 r--s 00001000 08:01 325828                     /usr/share/java/maven3-builder-support-3.3.9.jar
7fdbdcb98000-7fdbdcb99000 r--s 00002000 08:01 324816                     /usr/share/java/slf4j-simple.jar
7fdbdcb99000-7fdbdcba1000 r--s 00054000 08:01 325724                     /usr/share/java/sisu-inject.jar
7fdbdcba1000-7fdbdcba2000 r--s 00004000 08:01 324137                     /usr/share/java/atinject-jsr330-tck-1.0.jar
7fdbdcba2000-7fdbdcba4000 r--s 00013000 08:01 325824                     /usr/share/java/maven3-embedder-3.3.9.jar
7fdbdcba4000-7fdbdcba8000 r--s 00027000 08:01 325141                     /usr/share/java/eclipse-aether-impl.jar
7fdbdcba8000-7fdbdcbaa000 r--s 0000e000 08:01 324729                     /usr/share/java/plexus-interpolation.jar
7fdbdcbaa000-7fdbdcbb8000 r--s 00095000 08:01 325225                     /usr/share/java/guice.jar
7fdbdcbb8000-7fdbdcbba000 r--s 00001000 08:01 325213                     /usr/share/java/aopalliance-1.0.jar
7fdbdcbba000-7fdbdcbbd000 r--s 00007000 08:01 325827                     /usr/share/java/maven3-settings-builder-3.3.9.jar
7fdbdcbbd000-7fdbdcbc2000 r--s 00025000 08:01 325823                     /usr/share/java/maven3-model-builder-3.3.9.jar
7fdbdcbc2000-7fdbdcbc3000 r--s 00000000 08:01 324169                     /usr/share/java/geronimo-interceptor-3.0-spec-1.0.1.jar
7fdbdcbc3000-7fdbdcbc5000 r--s 00012000 08:01 324183                     /usr/share/java/el-api-3.0.jar
7fdbdcbc5000-7fdbdcbc6000 r--s 00000000 08:01 324138                     /usr/share/java/atinject-jsr330-api-1.0.jar
7fdbdcbc6000-7fdbdcbc9000 r--s 00008000 08:01 324203                     /usr/share/java/cdi-api-1.0.jar
7fdbdcbc9000-7fdbdcbce000 r--s 0001d000 08:01 325148                     /usr/share/java/eclipse-aether-api.jar
7fdbdcbce000-7fdbdcbd0000 r--s 0000a000 08:01 324249                     /usr/share/java/commons-cli-1.3.1.jar
7fdbdcbd0000-7fdbdcbd2000 r--s 0000d000 08:01 325826                     /usr/share/java/maven3-aether-provider-3.3.9.jar
7fdbdcbd2000-7fdbdcbd3000 r--s 0000a000 08:01 325818                     /usr/share/java/maven3-settings-3.3.9.jar
7fdbdcbd3000-7fdbdcbd5000 r--s 00007000 08:01 324819                     /usr/share/java/slf4j-api.jar
7fdbdcbd5000-7fdbdcbd6000 r--s 00006000 08:01 325481                     /usr/share/java/plexus-sec-dispatcher.jar
7fdbdcbd6000-7fdbdcbd8000 r--s 00000000 08:01 325666                     /usr/share/java/plexus-component-annotations-1.5.jar
7fdbdcbd8000-7fdbdcbdf000 r--s 00041000 08:01 325820                     /usr/share/java/maven3-compat-3.3.9.jar
7fdbdcbdf000-7fdbdcbe1000 r--s 00006000 08:01 325146                     /usr/share/java/eclipse-aether-spi.jar
7fdbdcbe1000-7fdbdcbe8000 r--s 0005d000 08:01 324356                     /usr/share/java/commons-lang3.jar
7fdbdcbe8000-7fdbdcc19000 r--s 00207000 08:01 325758                     /usr/share/java/wagon-http-shaded-2.x.jar
7fdbdcc19000-7fdbdcc1a000 r--s 00008000 08:01 325144                     /usr/share/java/eclipse-aether-connector-basic.jar
7fdbdcc1a000-7fdbdcc1c000 r--s 00002000 08:01 325470                     /usr/share/java/plexus-cipher.jar
7fdbdcc1c000-7fdbdcc23000 r--s 0002c000 08:01 325739                     /usr/share/java/sisu-plexus.jar
7fdbdcc23000-7fdbdcc25000 r--s 00005000 08:01 325147                     /usr/share/java/eclipse-aether-transport-wagon.jar
7fdbdcc25000-7fdbdcc26000 r--s 00001000 08:01 325761                     /usr/share/java/wagon-http-shared-2.x.jar
7fdbdcc26000-7fdbdcc28000 r--s 0000a000 08:01 325819                     /usr/share/java/maven3-plugin-api-3.3.9.jar
7fdbdcc28000-7fdbdcc2a000 r--s 00027000 08:01 325825                     /usr/share/java/maven3-model-3.3.9.jar
7fdbdcc2a000-7fdbdcc45000 r--s 00394000 08:01 14856                      /usr/lib/jvm/java-8-openjdk-amd64/jre/lib/ext/cldrdata.jar
7fdbdcc45000-7fdbdcc60000 r--s 001d6000 08:01 14858                      /usr/lib/jvm/java-8-openjdk-amd64/jre/lib/ext/nashorn.jar
7fdbdcc60000-7fdbdcc61000 ---p 00000000 00:00 0 
7fdbdcc61000-7fdbdcd61000 rw-p 00000000 00:00 0 
7fdbdcd61000-7fdbdcd64000 ---p 00000000 00:00 0 
7fdbdcd64000-7fdbdce62000 rw-p 00000000 00:00 0 
7fdbdce62000-7fdbdce65000 ---p 00000000 00:00 0 
7fdbdce65000-7fdbdcf63000 rw-p 00000000 00:00 0 
7fdbdcf63000-7fdbdcf66000 ---p 00000000 00:00 0 
7fdbdcf66000-7fdbdd064000 rw-p 00000000 00:00 0 
7fdbdd064000-7fdbdd067000 ---p 00000000 00:00 0 
7fdbdd067000-7fdbdd165000 rw-p 00000000 00:00 0 
7fdbdd165000-7fdbdd5bc000 r--p 00000000 08:01 11904                      /usr/lib/locale/locale-archive
7fdbdd5bc000-7fdbdd5bf000 ---p 00000000 00:00 0 
7fdbdd5bf000-7fdbdd6bd000 rw-p 00000000 00:00 0 
7fdbdd6bd000-7fdbdd6c0000 ---p 00000000 00:00 0 
7fdbdd6c0000-7fdbdd7be000 rw-p 00000000 00:00 0 
7fdbdd7be000-7fdbdd7bf000 ---p 00000000 00:00 0 
7fdbdd7bf000-7fdbde216000 rw-p 00000000 00:00 0 
7fdbde216000-7fdbde3e5000 r--s 03c21000 08:01 14851                      /usr/lib/jvm/java-8-openjdk-amd64/jre/lib/rt.jar
7fdbde3e5000-7fdbe0ac5000 rw-p 00000000 00:00 0 
7fdbe0ac5000-7fdbe0ac6000 ---p 00000000 00:00 0 
7fdbe0ac6000-7fdbe0bc6000 rw-p 00000000 00:00 0 
7fdbe0bc6000-7fdbe0bc7000 ---p 00000000 00:00 0 
7fdbe0bc7000-7fdbe0cde000 rw-p 00000000 00:00 0 
7fdbe0cde000-7fdbe0e11000 ---p 00000000 00:00 0 
7fdbe0e11000-7fdbe0e28000 rw-p 00000000 00:00 0 
7fdbe0e28000-7fdbe0f5a000 ---p 00000000 00:00 0 
7fdbe0f5a000-7fdbe0fa2000 rw-p 00000000 00:00 0 
7fdbe0fa2000-7fdbe0fff000 ---p 00000000 00:00 0 
7fdbe0fff000-7fdbe1000000 rw-p 00000000 00:00 0 
7fdbe1000000-7fdbe1f80000 rwxp 00000000 00:00 0 
7fdbe1f80000-7fdbf0000000 ---p 00000000 00:00 0 
7fdbf0000000-7fdbf119f000 rw-p 00000000 00:00 0 
7fdbf119f000-7fdbf4000000 ---p 00000000 00:00 0 
7fdbf4000000-7fdbf4004000 r--s 00020000 08:01 325149                     /usr/share/java/eclipse-aether-util.jar
7fdbf4004000-7fdbf4007000 r--s 0000a000 08:01 325829                     /usr/share/java/maven3-artifact-3.3.9.jar
7fdbf4007000-7fdbf400b000 r--s 00027000 08:01 324325                     /usr/share/java/commons-io-2.4.jar
7fdbf400b000-7fdbf4015000 r--s 00116000 08:01 14861                      /usr/lib/jvm/java-8-openjdk-amd64/jre/lib/ext/localedata.jar
7fdbf4015000-7fdbf40ea000 rw-p 00000000 00:00 0 
7fdbf40ea000-7fdbf446c000 ---p 00000000 00:00 0 
7fdbf446c000-7fdbf4474000 r-xp 00000000 08:01 14902                      /usr/lib/jvm/java-8-openjdk-amd64/jre/lib/amd64/libzip.so
7fdbf4474000-7fdbf4673000 ---p 00008000 08:01 14902                      /usr/lib/jvm/java-8-openjdk-amd64/jre/lib/amd64/libzip.so
7fdbf4673000-7fdbf4674000 r--p 00007000 08:01 14902                      /usr/lib/jvm/java-8-openjdk-amd64/jre/lib/amd64/libzip.so
7fdbf4674000-7fdbf4675000 rw-p 00008000 08:01 14902                      /usr/lib/jvm/java-8-openjdk-amd64/jre/lib/amd64/libzip.so
7fdbf4675000-7fdbf4680000 r-xp 00000000 08:01 443470                     /lib/x86_64-linux-gnu/libnss_files-2.23.so
7fdbf4680000-7fdbf487f000 ---p 0000b000 08:01 443470                     /lib/x86_64-linux-gnu/libnss_files-2.23.so
7fdbf487f000-7fdbf4880000 r--p 0000a000 08:01 443470                     /lib/x86_64-linux-gnu/libnss_files-2.23.so
7fdbf4880000-7fdbf4881000 rw-p 0000b000 08:01 443470                     /lib/x86_64-linux-gnu/libnss_files-2.23.so
7fdbf4881000-7fdbf4887000 rw-p 00000000 00:00 0 
7fdbf4887000-7fdbf4892000 r-xp 00000000 08:01 443474                     /lib/x86_64-linux-gnu/libnss_nis-2.23.so
7fdbf4892000-7fdbf4a91000 ---p 0000b000 08:01 443474                     /lib/x86_64-linux-gnu/libnss_nis-2.23.so
7fdbf4a91000-7fdbf4a92000 r--p 0000a000 08:01 443474                     /lib/x86_64-linux-gnu/libnss_nis-2.23.so
7fdbf4a92000-7fdbf4a93000 rw-p 0000b000 08:01 443474                     /lib/x86_64-linux-gnu/libnss_nis-2.23.so
7fdbf4a93000-7fdbf4aa9000 r-xp 00000000 08:01 402555                     /lib/x86_64-linux-gnu/libnsl-2.23.so
7fdbf4aa9000-7fdbf4ca8000 ---p 00016000 08:01 402555                     /lib/x86_64-linux-gnu/libnsl-2.23.so
7fdbf4ca8000-7fdbf4ca9000 r--p 00015000 08:01 402555                     /lib/x86_64-linux-gnu/libnsl-2.23.so
7fdbf4ca9000-7fdbf4caa000 rw-p 00016000 08:01 402555                     /lib/x86_64-linux-gnu/libnsl-2.23.so
7fdbf4caa000-7fdbf4cac000 rw-p 00000000 00:00 0 
7fdbf4cac000-7fdbf4cb4000 r-xp 00000000 08:01 443465                     /lib/x86_64-linux-gnu/libnss_compat-2.23.so
7fdbf4cb4000-7fdbf4eb3000 ---p 00008000 08:01 443465                     /lib/x86_64-linux-gnu/libnss_compat-2.23.so
7fdbf4eb3000-7fdbf4eb4000 r--p 00007000 08:01 443465                     /lib/x86_64-linux-gnu/libnss_compat-2.23.so
7fdbf4eb4000-7fdbf4eb5000 rw-p 00008000 08:01 443465                     /lib/x86_64-linux-gnu/libnss_compat-2.23.so
7fdbf4eb5000-7fdbf4ee2000 r-xp 00000000 08:01 14883                      /usr/lib/jvm/java-8-openjdk-amd64/jre/lib/amd64/libjava.so
7fdbf4ee2000-7fdbf50e1000 ---p 0002d000 08:01 14883                      /usr/lib/jvm/java-8-openjdk-amd64/jre/lib/amd64/libjava.so
7fdbf50e1000-7fdbf50e2000 r--p 0002c000 08:01 14883                      /usr/lib/jvm/java-8-openjdk-amd64/jre/lib/amd64/libjava.so
7fdbf50e2000-7fdbf50e4000 rw-p 0002d000 08:01 14883                      /usr/lib/jvm/java-8-openjdk-amd64/jre/lib/amd64/libjava.so
7fdbf50e4000-7fdbf50f3000 r-xp 00000000 08:01 14900                      /usr/lib/jvm/java-8-openjdk-amd64/jre/lib/amd64/libverify.so
7fdbf50f3000-7fdbf52f2000 ---p 0000f000 08:01 14900                      /usr/lib/jvm/java-8-openjdk-amd64/jre/lib/amd64/libverify.so
7fdbf52f2000-7fdbf52f4000 r--p 0000e000 08:01 14900                      /usr/lib/jvm/java-8-openjdk-amd64/jre/lib/amd64/libverify.so
7fdbf52f4000-7fdbf52f5000 rw-p 00010000 08:01 14900                      /usr/lib/jvm/java-8-openjdk-amd64/jre/lib/amd64/libverify.so
7fdbf52f5000-7fdbf52fc000 r-xp 00000000 08:01 443475                     /lib/x86_64-linux-gnu/librt-2.23.so
7fdbf52fc000-7fdbf54fb000 ---p 00007000 08:01 443475                     /lib/x86_64-linux-gnu/librt-2.23.so
7fdbf54fb000-7fdbf54fc000 r--p 00006000 08:01 443475                     /lib/x86_64-linux-gnu/librt-2.23.so
7fdbf54fc000-7fdbf54fd000 rw-p 00007000 08:01 443475                     /lib/x86_64-linux-gnu/librt-2.23.so
7fdbf54fd000-7fdbf5513000 r-xp 00000000 08:01 399984                     /lib/x86_64-linux-gnu/libgcc_s.so.1
7fdbf5513000-7fdbf5712000 ---p 00016000 08:01 399984                     /lib/x86_64-linux-gnu/libgcc_s.so.1
7fdbf5712000-7fdbf5713000 rw-p 00015000 08:01 399984                     /lib/x86_64-linux-gnu/libgcc_s.so.1
7fdbf5713000-7fdbf581b000 r-xp 00000000 08:01 402554                     /lib/x86_64-linux-gnu/libm-2.23.so
7fdbf581b000-7fdbf5a1a000 ---p 00108000 08:01 402554                     /lib/x86_64-linux-gnu/libm-2.23.so
7fdbf5a1a000-7fdbf5a1b000 r--p 00107000 08:01 402554                     /lib/x86_64-linux-gnu/libm-2.23.so
7fdbf5a1b000-7fdbf5a1c000 rw-p 00108000 08:01 402554                     /lib/x86_64-linux-gnu/libm-2.23.so
7fdbf5a1c000-7fdbf5b8e000 r-xp 00000000 08:01 1794                       /usr/lib/x86_64-linux-gnu/libstdc++.so.6.0.21
7fdbf5b8e000-7fdbf5d8e000 ---p 00172000 08:01 1794                       /usr/lib/x86_64-linux-gnu/libstdc++.so.6.0.21
7fdbf5d8e000-7fdbf5d98000 r--p 00172000 08:01 1794                       /usr/lib/x86_64-linux-gnu/libstdc++.so.6.0.21
7fdbf5d98000-7fdbf5d9a000 rw-p 0017c000 08:01 1794                       /usr/lib/x86_64-linux-gnu/libstdc++.so.6.0.21
7fdbf5d9a000-7fdbf5d9e000 rw-p 00000000 00:00 0 
7fdbf5d9e000-7fdbf69f0000 r-xp 00000000 08:01 14894                      /usr/lib/jvm/java-8-openjdk-amd64/jre/lib/amd64/server/libjvm.so
7fdbf69f0000-7fdbf6bf0000 ---p 00c52000 08:01 14894                      /usr/lib/jvm/java-8-openjdk-amd64/jre/lib/amd64/server/libjvm.so
7fdbf6bf0000-7fdbf6c83000 r--p 00c52000 08:01 14894                      /usr/lib/jvm/java-8-openjdk-amd64/jre/lib/amd64/server/libjvm.so
7fdbf6c83000-7fdbf6cac000 rw-p 00ce5000 08:01 14894                      /usr/lib/jvm/java-8-openjdk-amd64/jre/lib/amd64/server/libjvm.so
7fdbf6cac000-7fdbf6cdc000 rw-p 00000000 00:00 0 
7fdbf6cdc000-7fdbf6cf4000 r-xp 00000000 08:01 443456                     /lib/x86_64-linux-gnu/libpthread-2.23.so
7fdbf6cf4000-7fdbf6ef3000 ---p 00018000 08:01 443456                     /lib/x86_64-linux-gnu/libpthread-2.23.so
7fdbf6ef3000-7fdbf6ef4000 r--p 00017000 08:01 443456                     /lib/x86_64-linux-gnu/libpthread-2.23.so
7fdbf6ef4000-7fdbf6ef5000 rw-p 00018000 08:01 443456                     /lib/x86_64-linux-gnu/libpthread-2.23.so
7fdbf6ef5000-7fdbf6ef9000 rw-p 00000000 00:00 0 
7fdbf6ef9000-7fdbf6efc000 r-xp 00000000 08:01 443459                     /lib/x86_64-linux-gnu/libdl-2.23.so
7fdbf6efc000-7fdbf70fb000 ---p 00003000 08:01 443459                     /lib/x86_64-linux-gnu/libdl-2.23.so
7fdbf70fb000-7fdbf70fc000 r--p 00002000 08:01 443459                     /lib/x86_64-linux-gnu/libdl-2.23.so
7fdbf70fc000-7fdbf70fd000 rw-p 00003000 08:01 443459                     /lib/x86_64-linux-gnu/libdl-2.23.so
7fdbf70fd000-7fdbf7116000 r-xp 00000000 08:01 400137                     /lib/x86_64-linux-gnu/libz.so.1.2.8
7fdbf7116000-7fdbf7315000 ---p 00019000 08:01 400137                     /lib/x86_64-linux-gnu/libz.so.1.2.8
7fdbf7315000-7fdbf7316000 r--p 00018000 08:01 400137                     /lib/x86_64-linux-gnu/libz.so.1.2.8
7fdbf7316000-7fdbf7317000 rw-p 00019000 08:01 400137                     /lib/x86_64-linux-gnu/libz.so.1.2.8
7fdbf7317000-7fdbf74d7000 r-xp 00000000 08:01 443457                     /lib/x86_64-linux-gnu/libc-2.23.so
7fdbf74d7000-7fdbf76d7000 ---p 001c0000 08:01 443457                     /lib/x86_64-linux-gnu/libc-2.23.so
7fdbf76d7000-7fdbf76db000 r--p 001c0000 08:01 443457                     /lib/x86_64-linux-gnu/libc-2.23.so
7fdbf76db000-7fdbf76dd000 rw-p 001c4000 08:01 443457                     /lib/x86_64-linux-gnu/libc-2.23.so
7fdbf76dd000-7fdbf76e1000 rw-p 00000000 00:00 0 
7fdbf76e1000-7fdbf76ee000 r-xp 00000000 08:01 14898                      /usr/lib/jvm/java-8-openjdk-amd64/jre/lib/amd64/jli/libjli.so
7fdbf76ee000-7fdbf78ee000 ---p 0000d000 08:01 14898                      /usr/lib/jvm/java-8-openjdk-amd64/jre/lib/amd64/jli/libjli.so
7fdbf78ee000-7fdbf78ef000 r--p 0000d000 08:01 14898                      /usr/lib/jvm/java-8-openjdk-amd64/jre/lib/amd64/jli/libjli.so
7fdbf78ef000-7fdbf78f0000 rw-p 0000e000 08:01 14898                      /usr/lib/jvm/java-8-openjdk-amd64/jre/lib/amd64/jli/libjli.so
7fdbf78f0000-7fdbf7916000 r-xp 00000000 08:01 402707                     /lib/x86_64-linux-gnu/ld-2.23.so
7fdbf7916000-7fdbf7917000 r--s 00001000 08:01 325754                     /usr/share/java/wagon-file-2.x.jar
7fdbf7917000-7fdbf7919000 r--s 0000a000 08:01 325627                     /usr/share/java/plexus-classworlds2-2.5.2.jar
7fdbf7919000-7fdbf791a000 r--s 00010000 08:01 14857                      /usr/lib/jvm/java-8-openjdk-amd64/jre/lib/ext/zipfs.jar
7fdbf791a000-7fdbf791c000 r--s 00001000 08:01 14864                      /usr/lib/jvm/java-8-openjdk-amd64/jre/lib/ext/dnsns.jar
7fdbf791c000-7fdbf791d000 r--s 0000a000 08:01 14863                      /usr/lib/jvm/java-8-openjdk-amd64/jre/lib/ext/jaccess.jar
7fdbf791d000-7fdbf79f6000 rw-p 00000000 00:00 0 
7fdbf79f6000-7fdbf79f9000 ---p 00000000 00:00 0 
7fdbf79f9000-7fdbf7afb000 rw-p 00000000 00:00 0 
7fdbf7afb000-7fdbf7aff000 r--s 00037000 08:01 14862                      /usr/lib/jvm/java-8-openjdk-amd64/jre/lib/ext/sunpkcs11.jar
7fdbf7aff000-7fdbf7b02000 r--s 0000f000 08:01 14855                      /usr/lib/jvm/java-8-openjdk-amd64/jre/lib/ext/icedtea-sound.jar
7fdbf7b02000-7fdbf7b04000 r--s 00008000 08:01 14860                      /usr/lib/jvm/java-8-openjdk-amd64/jre/lib/ext/sunec.jar
7fdbf7b04000-7fdbf7b0a000 r--s 0003a000 08:01 14859                      /usr/lib/jvm/java-8-openjdk-amd64/jre/lib/ext/sunjce_provider.jar
7fdbf7b0a000-7fdbf7b12000 rw-s 00000000 08:01 802743                     /tmp/hsperfdata_johnkasper/11030
7fdbf7b12000-7fdbf7b13000 rw-p 00000000 00:00 0 
7fdbf7b13000-7fdbf7b14000 ---p 00000000 00:00 0 
7fdbf7b14000-7fdbf7b15000 rw-p 00000000 00:00 0 
7fdbf7b15000-7fdbf7b16000 r--p 00025000 08:01 402707                     /lib/x86_64-linux-gnu/ld-2.23.so
7fdbf7b16000-7fdbf7b17000 rw-p 00026000 08:01 402707                     /lib/x86_64-linux-gnu/ld-2.23.so
7fdbf7b17000-7fdbf7b18000 rw-p 00000000 00:00 0 
7ffd34b9e000-7ffd34bc0000 rw-p 00000000 00:00 0                          [stack]
7ffd34bc5000-7ffd34bc8000 r--p 00000000 00:00 0                          [vvar]
7ffd34bc8000-7ffd34bca000 r-xp 00000000 00:00 0                          [vdso]
ffffffffff600000-ffffffffff601000 r-xp 00000000 00:00 0                  [vsyscall]

VM Arguments:
jvm_args: -Dclassworlds.conf=/usr/share/maven/bin/m2.conf -Dmaven.home=/usr/share/maven -Dmaven.multiModuleProjectDirectory=/home/johnkasper/software/bankasgmt2 
java_command: org.codehaus.plexus.classworlds.launcher.Launcher clean package
java_class_path (initial): /usr/share/maven/boot/plexus-classworlds-2.x.jar
Launcher Type: SUN_STANDARD

Environment Variables:
JAVA_HOME=/usr/lib/jvm/java-8-openjdk-amd64
PATH=/usr/local/sbin:/usr/local/bin:/usr/sbin:/usr/bin:/sbin:/bin:/usr/games:/usr/local/games:/snap/bin
SHELL=/bin/bash
DISPLAY=:0

Signal Handlers:
SIGSEGV: [libjvm.so+0xa69040], sa_mask[0]=11111111011111111101111111111110, sa_flags=SA_RESTART|SA_SIGINFO
SIGBUS: [libjvm.so+0xa69040], sa_mask[0]=11111111011111111101111111111110, sa_flags=SA_RESTART|SA_SIGINFO
SIGFPE: [libjvm.so+0x8b2170], sa_mask[0]=11111111011111111101111111111110, sa_flags=SA_RESTART|SA_SIGINFO
SIGPIPE: [libjvm.so+0x8b2170], sa_mask[0]=11111111011111111101111111111110, sa_flags=SA_RESTART|SA_SIGINFO
SIGXFSZ: [libjvm.so+0x8b2170], sa_mask[0]=11111111011111111101111111111110, sa_flags=SA_RESTART|SA_SIGINFO
SIGILL: [libjvm.so+0x8b2170], sa_mask[0]=11111111011111111101111111111110, sa_flags=SA_RESTART|SA_SIGINFO
SIGUSR1: SIG_DFL, sa_mask[0]=00000000000000000000000000000000, sa_flags=none
SIGUSR2: [libjvm.so+0x8b2020], sa_mask[0]=00100000000000000000000000000000, sa_flags=SA_RESTART|SA_SIGINFO
SIGHUP: [libjvm.so+0x8b24f0], sa_mask[0]=11111111011111111101111111111110, sa_flags=SA_RESTART|SA_SIGINFO
SIGINT: [libjvm.so+0x8b24f0], sa_mask[0]=11111111011111111101111111111110, sa_flags=SA_RESTART|SA_SIGINFO
SIGTERM: [libjvm.so+0x8b24f0], sa_mask[0]=11111111011111111101111111111110, sa_flags=SA_RESTART|SA_SIGINFO
SIGQUIT: [libjvm.so+0x8b24f0], sa_mask[0]=11111111011111111101111111111110, sa_flags=SA_RESTART|SA_SIGINFO


---------------  S Y S T E M  ---------------

OS:DISTRIB_ID=Ubuntu
DISTRIB_RELEASE=16.04
DISTRIB_CODENAME=xenial
DISTRIB_DESCRIPTION="Ubuntu 16.04.3 LTS"

uname:Linux 4.13.0-32-generic #35~16.04.1-Ubuntu SMP Thu Jan 25 10:13:43 UTC 2018 x86_64
libc:glibc 2.23 NPTL 2.23 
rlimit: STACK 8192k, CORE 0k, NPROC 15575, NOFILE 1048576, AS infinity
load average:0,88 0,98 0,97

/proc/meminfo:
MemTotal:        4039808 kB
MemFree:          108328 kB
MemAvailable:      11588 kB
Buffers:            1176 kB
Cached:            46908 kB
SwapCached:            0 kB
Active:          3735228 kB
Inactive:          41664 kB
Active(anon):    3729776 kB
Inactive(anon):    30336 kB
Active(file):       5452 kB
Inactive(file):    11328 kB
Unevictable:          32 kB
Mlocked:              32 kB
SwapTotal:             0 kB
SwapFree:              0 kB
Dirty:               208 kB
Writeback:             0 kB
AnonPages:       3728856 kB
Mapped:            39772 kB
Shmem:             31288 kB
Slab:              71728 kB
SReclaimable:      27036 kB
SUnreclaim:        44692 kB
KernelStack:       11328 kB
PageTables:        41716 kB
NFS_Unstable:          0 kB
Bounce:                0 kB
WritebackTmp:          0 kB
CommitLimit:     2019904 kB
Committed_AS:    8174704 kB
VmallocTotal:   34359738367 kB
VmallocUsed:           0 kB
VmallocChunk:          0 kB
HardwareCorrupted:     0 kB
AnonHugePages:         0 kB
ShmemHugePages:        0 kB
ShmemPmdMapped:        0 kB
CmaTotal:              0 kB
CmaFree:               0 kB
HugePages_Total:       0
HugePages_Free:        0
HugePages_Rsvd:        0
HugePages_Surp:        0
Hugepagesize:       2048 kB
DirectMap4k:      139200 kB
DirectMap2M:     4055040 kB


CPU:total 2 (initial active 2) (2 cores per cpu, 1 threads per core) family 6 model 60 stepping 3, cmov, cx8, fxsr, mmx, sse, sse2, sse3, ssse3, sse4.1, sse4.2, popcnt, avx, aes, clmul, lzcnt, tsc, tscinvbit

/proc/cpuinfo:
processor	: 0
vendor_id	: GenuineIntel
cpu family	: 6
model		: 60
model name	: Intel(R) Core(TM) i5-4200H CPU @ 2.80GHz
stepping	: 3
cpu MHz		: 2793.542
cache size	: 3072 KB
physical id	: 0
siblings	: 2
core id		: 0
cpu cores	: 2
apicid		: 0
initial apicid	: 0
fpu		: yes
fpu_exception	: yes
cpuid level	: 13
wp		: yes
flags		: fpu vme de pse tsc msr pae mce cx8 apic sep mtrr pge mca cmov pat pse36 clflush mmx fxsr sse sse2 ht syscall nx rdtscp lm constant_tsc rep_good nopl xtopology nonstop_tsc cpuid pni pclmulqdq ssse3 cx16 sse4_1 sse4_2 x2apic movbe popcnt aes xsave avx rdrand hypervisor lahf_lm abm pti
bugs		: cpu_meltdown spectre_v1 spectre_v2
bogomips	: 5587.08
clflush size	: 64
cache_alignment	: 64
address sizes	: 39 bits physical, 48 bits virtual
power management:

processor	: 1
vendor_id	: GenuineIntel
cpu family	: 6
model		: 60
model name	: Intel(R) Core(TM) i5-4200H CPU @ 2.80GHz
stepping	: 3
cpu MHz		: 2793.542
cache size	: 3072 KB
physical id	: 0
siblings	: 2
core id		: 1
cpu cores	: 2
apicid		: 1
initial apicid	: 1
fpu		: yes
fpu_exception	: yes
cpuid level	: 13
wp		: yes
flags		: fpu vme de pse tsc msr pae mce cx8 apic sep mtrr pge mca cmov pat pse36 clflush mmx fxsr sse sse2 ht syscall nx rdtscp lm constant_tsc rep_good nopl xtopology nonstop_tsc cpuid pni pclmulqdq ssse3 cx16 sse4_1 sse4_2 x2apic movbe popcnt aes xsave avx rdrand hypervisor lahf_lm abm pti
bugs		: cpu_meltdown spectre_v1 spectre_v2
bogomips	: 5587.08
clflush size	: 64
cache_alignment	: 64
address sizes	: 39 bits physical, 48 bits virtual
power management:



Memory: 4k page, physical 4039808k(108328k free), swap 0k(0k free)

vm_info: OpenJDK 64-Bit Server VM (25.151-b12) for linux-amd64 JRE (1.8.0_151-8u151-b12-0ubuntu0.16.04.2-b12), built on Oct 27 2017 21:59:02 by "buildd" with gcc 5.4.0 20160609

time: Mon Feb 19 16:00:54 2018
elapsed time: 7 seconds (0d 0h 0m 7s)

